<?xml version="1.0" encoding="UTF-8"?>
<!-- Generated by org.testng.reporters.JUnitXMLReporter -->
<testsuite ignored="0" hostname="rc" failures="0" tests="2" name="Test" time="42.901" errors="0" timestamp="21 Nov 2024 12:45:49 GMT">
  <testcase classname="Base.BaseTest" name="@AfterTest setupDriver" time="0.0">
    <failure type="org.testng.TestNGException" message="
Can inject only one of &amp;lt;ITestContext, XmlTest&amp;gt; into a AfterTest annotated setupDriver.
For more information on native dependency injection please refer to http://testng.org/doc/documentation-main.html#native-dependency-injection">
      <![CDATA[org.testng.TestNGException: 
Can inject only one of <ITestContext, XmlTest> into a AfterTest annotated setupDriver.
For more information on native dependency injection please refer to http://testng.org/doc/documentation-main.html#native-dependency-injection
... Removed 21 stack frames]]>
    </failure>
  </testcase> <!-- @AfterTest setupDriver -->
  <testcase classname="qa.test.Testcase1" name="sampleMethodForEnteringCredentials" time="20.59"/>
  <testcase classname="qa.test.Testcase1" name="secondTest" time="0.003"/>
</testsuite> <!-- Test -->
